0 info it worked if it ends with ok
1 verbose cli [ '/usr/local/bin/node', '/usr/local/bin/npm', 'install' ]
2 info using npm@1.4.14
3 info using node@v0.11.14-pre
4 verbose readDependencies using package.json deps
5 verbose install where, deps [ '/var/www/html5/node/static_serve',
5 verbose install   [ 'file_path', 'http_error', 'grunt', 'grunt-jsbeautifier' ] ]
6 info preinstall static_serve@0.0.1
7 verbose readDependencies using package.json deps
8 verbose already installed skipping grunt@ /var/www/html5/node/static_serve
9 verbose already installed skipping grunt-jsbeautifier@ /var/www/html5/node/static_serve
10 verbose cache add [ 'file_path@nathanfaucett/file_path', null ]
11 verbose cache add name=undefined spec="file_path@nathanfaucett/file_path" args=["file_path@nathanfaucett/file_path",null]
12 verbose parsed url { protocol: null,
12 verbose parsed url   slashes: null,
12 verbose parsed url   auth: null,
12 verbose parsed url   host: null,
12 verbose parsed url   port: null,
12 verbose parsed url   hostname: null,
12 verbose parsed url   hash: null,
12 verbose parsed url   search: null,
12 verbose parsed url   query: null,
12 verbose parsed url   pathname: 'file_path@nathanfaucett/file_path',
12 verbose parsed url   path: 'file_path@nathanfaucett/file_path',
12 verbose parsed url   href: 'file_path@nathanfaucett/file_path' }
13 verbose cache add [ 'http_error@nathanfaucett/http_error', null ]
14 verbose cache add name=undefined spec="http_error@nathanfaucett/http_error" args=["http_error@nathanfaucett/http_error",null]
15 verbose parsed url { protocol: null,
15 verbose parsed url   slashes: null,
15 verbose parsed url   auth: null,
15 verbose parsed url   host: null,
15 verbose parsed url   port: null,
15 verbose parsed url   hostname: null,
15 verbose parsed url   hash: null,
15 verbose parsed url   search: null,
15 verbose parsed url   query: null,
15 verbose parsed url   pathname: 'http_error@nathanfaucett/http_error',
15 verbose parsed url   path: 'http_error@nathanfaucett/http_error',
15 verbose parsed url   href: 'http_error@nathanfaucett/http_error' }
16 verbose cache add name="file_path" spec="nathanfaucett/file_path" args=["file_path","nathanfaucett/file_path"]
17 verbose parsed url { protocol: null,
17 verbose parsed url   slashes: null,
17 verbose parsed url   auth: null,
17 verbose parsed url   host: null,
17 verbose parsed url   port: null,
17 verbose parsed url   hostname: null,
17 verbose parsed url   hash: null,
17 verbose parsed url   search: null,
17 verbose parsed url   query: null,
17 verbose parsed url   pathname: 'nathanfaucett/file_path',
17 verbose parsed url   path: 'nathanfaucett/file_path',
17 verbose parsed url   href: 'nathanfaucett/file_path' }
18 verbose addNamed [ 'file_path', 'nathanfaucett/file_path' ]
19 verbose addNamed [ null, null ]
20 verbose cache add name="http_error" spec="nathanfaucett/http_error" args=["http_error","nathanfaucett/http_error"]
21 verbose parsed url { protocol: null,
21 verbose parsed url   slashes: null,
21 verbose parsed url   auth: null,
21 verbose parsed url   host: null,
21 verbose parsed url   port: null,
21 verbose parsed url   hostname: null,
21 verbose parsed url   hash: null,
21 verbose parsed url   search: null,
21 verbose parsed url   query: null,
21 verbose parsed url   pathname: 'nathanfaucett/http_error',
21 verbose parsed url   path: 'nathanfaucett/http_error',
21 verbose parsed url   href: 'nathanfaucett/http_error' }
22 verbose addNamed [ 'http_error', 'nathanfaucett/http_error' ]
23 verbose addNamed [ null, null ]
24 silly lockFile 9c4ce74b-thub-com-nathanfaucett-file-path file_path@nathanfaucett/file_path
25 verbose lock file_path@nathanfaucett/file_path /home/nathan/.npm/9c4ce74b-thub-com-nathanfaucett-file-path.lock
26 silly lockFile d719b727-hub-com-nathanfaucett-http-error http_error@nathanfaucett/http_error
27 verbose lock http_error@nathanfaucett/http_error /home/nathan/.npm/d719b727-hub-com-nathanfaucett-http-error.lock
28 info addNameTag [ 'file_path', 'nathanfaucett/file_path' ]
29 info addNameTag [ 'http_error', 'nathanfaucett/http_error' ]
30 info maybeGithub Attempting nathanfaucett/file_path from git://github.com/nathanfaucett/file_path
31 silly lockFile dae2e5fa-thub-com-nathanfaucett-file-path git://github.com/nathanfaucett/file_path
32 verbose lock git://github.com/nathanfaucett/file_path /home/nathan/.npm/dae2e5fa-thub-com-nathanfaucett-file-path.lock
33 verbose addRemoteGit [ 'git://github.com/nathanfaucett/file_path',
33 verbose addRemoteGit   'master' ]
34 info maybeGithub Attempting nathanfaucett/http_error from git://github.com/nathanfaucett/http_error
35 silly lockFile 14b47c69-hub-com-nathanfaucett-http-error git://github.com/nathanfaucett/http_error
36 verbose lock git://github.com/nathanfaucett/http_error /home/nathan/.npm/14b47c69-hub-com-nathanfaucett-http-error.lock
37 verbose addRemoteGit [ 'git://github.com/nathanfaucett/http_error',
37 verbose addRemoteGit   'master' ]
38 verbose git clone git://github.com/nathanfaucett/file_path Cloning into bare repository '/home/nathan/.npm/_git-remotes/git-github-com-git-github-com-nathanfaucett-file-path-dae2e5fa'...
38 verbose git clone git://github.com/nathanfaucett/file_path
38 verbose git clone git://github.com/nathanfaucett/file_path fatal: remote error:
38 verbose git clone git://github.com/nathanfaucett/file_path   nathanfaucett/file_path is not a valid repository name
38 verbose git clone git://github.com/nathanfaucett/file_path   Email support@github.com for help
39 silly lockFile dae2e5fa-thub-com-nathanfaucett-file-path git://github.com/nathanfaucett/file_path
40 silly lockFile dae2e5fa-thub-com-nathanfaucett-file-path git://github.com/nathanfaucett/file_path
41 info maybeGithub Attempting nathanfaucett/file_path from git+ssh://git@github.com:nathanfaucett/file_path
42 silly lockFile 403ca4c2-thub-com-nathanfaucett-file-path git@github.com:nathanfaucett/file_path
43 verbose lock git@github.com:nathanfaucett/file_path /home/nathan/.npm/403ca4c2-thub-com-nathanfaucett-file-path.lock
44 verbose git clone git://github.com/nathanfaucett/http_error Cloning into bare repository '/home/nathan/.npm/_git-remotes/git-github-com-git-github-com-nathanfaucett-http-error-14b47c69'...
44 verbose git clone git://github.com/nathanfaucett/http_error
44 verbose git clone git://github.com/nathanfaucett/http_error fatal: remote error:
44 verbose git clone git://github.com/nathanfaucett/http_error   nathanfaucett/http_error is not a valid repository name
44 verbose git clone git://github.com/nathanfaucett/http_error   Email support@github.com for help
45 silly lockFile 14b47c69-hub-com-nathanfaucett-http-error git://github.com/nathanfaucett/http_error
46 silly lockFile 14b47c69-hub-com-nathanfaucett-http-error git://github.com/nathanfaucett/http_error
47 verbose addRemoteGit [ 'git@github.com:nathanfaucett/file_path',
47 verbose addRemoteGit   'master' ]
48 info maybeGithub Attempting nathanfaucett/http_error from git+ssh://git@github.com:nathanfaucett/http_error
49 silly lockFile 5c06916e-hub-com-nathanfaucett-http-error git@github.com:nathanfaucett/http_error
50 verbose lock git@github.com:nathanfaucett/http_error /home/nathan/.npm/5c06916e-hub-com-nathanfaucett-http-error.lock
51 verbose addRemoteGit [ 'git@github.com:nathanfaucett/http_error',
51 verbose addRemoteGit   'master' ]
52 error git clone git@github.com:nathanfaucett/file_path Cloning into bare repository '/home/nathan/.npm/_git-remotes/git-github-com-git-github-com-nathanfaucett-file-path-403ca4c2'...
52 error git clone git@github.com:nathanfaucett/file_path
52 error git clone git@github.com:nathanfaucett/file_path fatal: remote error:
52 error git clone git@github.com:nathanfaucett/file_path    is not a valid repository name
52 error git clone git@github.com:nathanfaucett/file_path   Email support@github.com for help
53 silly lockFile 403ca4c2-thub-com-nathanfaucett-file-path git@github.com:nathanfaucett/file_path
54 silly lockFile 403ca4c2-thub-com-nathanfaucett-file-path git@github.com:nathanfaucett/file_path
55 silly lockFile 9c4ce74b-thub-com-nathanfaucett-file-path file_path@nathanfaucett/file_path
56 silly lockFile 9c4ce74b-thub-com-nathanfaucett-file-path file_path@nathanfaucett/file_path
57 error 404 Not Found
57 error 404
57 error 404 'file_path' is not in the npm registry.
57 error 404 You should bug the author to publish it
57 error 404 It was specified as a dependency of 'static_serve'
57 error 404
57 error 404 Note that you can also install from a
57 error 404 tarball, folder, or http url, or git url.
58 error System Linux 3.5.0-18-generic
59 error command "/usr/local/bin/node" "/usr/local/bin/npm" "install"
60 error cwd /var/www/html5/node/static_serve
61 error node -v v0.11.14-pre
62 error npm -v 1.4.14
63 error code E404
64 verbose exit [ 1, true ]
